2021-04-30 14:01:38 [INFO ] [restartedMain] c.b.j.o.OsmApplication  - Starting OsmApplication on DESKTOP-TVHF08S with PID 28696 (C:\Users\BPradhan\osm\target\classes started by Krush in C:\Users\BPradhan\osm) 
2021-04-30 14:01:38 [DEBUG] [restartedMain] c.b.j.o.OsmApplication  - Running with Spring Boot v2.3.4.RELEASE, Spring v5.2.9.RELEASE 
2021-04-30 14:01:38 [INFO ] [restartedMain] c.b.j.o.OsmApplication  - No active profile set, falling back to default profiles: default 
2021-04-30 14:01:38 [INFO ] [restartedMain] o.s.b.d.e.DevToolsPropertyDefaultsPostProcessor  - Devtools property defaults active! Set 'spring.devtools.add-properties' to 'false' to disable 
2021-04-30 14:01:38 [INFO ] [restartedMain] o.s.b.d.e.DevToolsPropertyDefaultsPostProcessor  - For additional web related logging consider setting the 'logging.level.web' property to 'DEBUG' 
2021-04-30 14:01:39 [INFO ] [restartedMain] o.s.d.r.c.RepositoryConfigurationDelegate  - Bootstrapping Spring Data JPA repositories in DEFERRED mode. 
2021-04-30 14:01:39 [INFO ] [restartedMain] o.s.d.r.c.RepositoryConfigurationDelegate  - Finished Spring Data repository scanning in 60ms. Found 2 JPA repository interfaces. 
2021-04-30 14:01:40 [INFO ] [restartedMain] o.s.b.w.e.t.TomcatWebServer  - Tomcat initialized with port(s): 8080 (http) 
2021-04-30 14:01:40 [INFO ] [restartedMain] o.s.b.w.s.c.ServletWebServerApplicationContext  - Root WebApplicationContext: initialization completed in 1565 ms 
2021-04-30 14:01:40 [INFO ] [restartedMain] c.z.h.HikariDataSource  - HikariPool-1 - Starting... 
2021-04-30 14:01:40 [INFO ] [restartedMain] c.z.h.HikariDataSource  - HikariPool-1 - Start completed. 
2021-04-30 14:01:40 [INFO ] [restartedMain] o.s.b.a.h.H2ConsoleAutoConfiguration  - H2 console available at '/h2-console'. Database available at 'jdbc:h2:mem:testdb' 
2021-04-30 14:01:40 [INFO ] [restartedMain] o.s.s.c.ThreadPoolTaskExecutor  - Initializing ExecutorService 'applicationTaskExecutor' 
2021-04-30 14:01:40 [INFO ] [task-1] o.h.j.i.u.LogHelper  - HHH000204: Processing PersistenceUnitInfo [name: default] 
2021-04-30 14:01:40 [WARN ] [restartedMain] o.s.b.a.o.j.JpaBaseConfiguration$JpaWebConfiguration  - spring.jpa.open-in-view is enabled by default. Therefore, database queries may be performed during view rendering. Explicitly configure spring.jpa.open-in-view to disable this warning 
2021-04-30 14:01:40 [INFO ] [task-1] o.h.Version  - HHH000412: Hibernate ORM core version 5.4.21.Final 
2021-04-30 14:01:41 [INFO ] [task-1] o.h.a.c.Version  - HCANN000001: Hibernate Commons Annotations {5.1.0.Final} 
2021-04-30 14:01:41 [INFO ] [task-1] o.h.d.Dialect  - HHH000400: Using dialect: org.hibernate.dialect.H2Dialect 
2021-04-30 14:01:41 [INFO ] [restartedMain] o.s.b.d.a.OptionalLiveReloadServer  - LiveReload server is running on port 35729 
2021-04-30 14:01:41 [INFO ] [restartedMain] o.s.b.w.e.t.TomcatWebServer  - Tomcat started on port(s): 8080 (http) with context path '' 
2021-04-30 14:01:41 [INFO ] [restartedMain] o.s.d.r.c.DeferredRepositoryInitializationListener  - Triggering deferred initialization of Spring Data repositories… 
2021-04-30 14:01:41 [INFO ] [task-1] o.h.e.t.j.p.i.JtaPlatformInitiator  - HHH000490: Using JtaPlatform implementation: [org.hibernate.engine.transaction.jta.platform.internal.NoJtaPlatform] 
2021-04-30 14:01:41 [INFO ] [task-1] o.s.o.j.LocalContainerEntityManagerFactoryBean  - Initialized JPA EntityManagerFactory for persistence unit 'default' 
2021-04-30 14:01:42 [INFO ] [restartedMain] o.s.d.r.c.DeferredRepositoryInitializationListener  - Spring Data repositories initialized! 
2021-04-30 14:01:42 [INFO ] [restartedMain] c.b.j.o.OsmApplication  - Started OsmApplication in 3.899 seconds (JVM running for 4.324) 
