[2021-05-07 13:56:18.952] [INFO] [Context:SpectrumCoreApplication] [] [Starting SpectrumCoreApplication on COGRNETAL0947QP with PID 13960 (C:\Users\P2932832\BPradhan\customer-account-sprectrum-core\target\classes started by P2932832 in C:\Users\P2932832\BPradhan\customer-account-sprectrum-core)]
[2021-05-07 13:56:18.956] [INFO] [Context:SpectrumCoreApplication] [] [No active profile set, falling back to default profiles: default]
[2021-05-07 13:56:19.115] [INFO] [Context:DevToolsPropertyDefaultsPostProcessor] [] [Devtools property defaults active! Set 'spring.devtools.add-properties' to 'false' to disable]
[2021-05-07 13:56:19.117] [INFO] [Context:DevToolsPropertyDefaultsPostProcessor] [] [For additional web related logging consider setting the 'logging.level.web' property to 'DEBUG']
[2021-05-07 13:56:22.183] [INFO] [Context:TomcatWebServer] [] [Tomcat initialized with port(s): 8080 (http)]
[2021-05-07 13:56:22.352] [INFO] [Context:ServletWebServerApplicationContext] [] [Root WebApplicationContext: initialization completed in 3235 ms]
[2021-05-07 13:56:22.463] [INFO] [Context:ApplicationPropertyReader] [] [spcCustomerUrl = https://spectrumcoreuat.charter.com/spectrum-core/services/customer/ept/getCustomerV1x0]
[2021-05-07 13:56:22.463] [INFO] [Context:ApplicationPropertyReader] [] [spcAccountUrl = https://spectrumcoreuat.charter.com/spectrum-core/services/account/ept/getAccountV1x1]
[2021-05-07 13:56:22.640] [INFO] [Context:ThreadPoolTaskExecutor] [] [Initializing ExecutorService]
[2021-05-07 13:56:22.642] [INFO] [Context:ThreadPoolTaskExecutor] [] [Initializing ExecutorService 'asyncExecutor']
[2021-05-07 13:56:23.470] [INFO] [Context:OptionalLiveReloadServer] [] [LiveReload server is running on port 35729]
[2021-05-07 13:56:23.541] [INFO] [Context:TomcatWebServer] [] [Tomcat started on port(s): 8080 (http) with context path '']
[2021-05-07 13:56:23.560] [INFO] [Context:SpectrumCoreApplication] [] [Started SpectrumCoreApplication in 5.647 seconds (JVM running for 6.808)]
[2021-05-07 14:01:40.613] [WARN] [Context:DefaultHandlerExceptionResolver] [] [Resolved [org.springframework.web.HttpRequestMethodNotSupportedException: Request method 'POST' not supported]]
[2021-05-07 14:02:57.050] [INFO] [Context:SpectrumCoreApplication] [] [Starting SpectrumCoreApplication on COGRNETAL0947QP with PID 17292 (C:\Users\P2932832\BPradhan\customer-account-sprectrum-core\target\classes started by P2932832 in C:\Users\P2932832\BPradhan\customer-account-sprectrum-core)]
[2021-05-07 14:02:57.053] [INFO] [Context:SpectrumCoreApplication] [] [No active profile set, falling back to default profiles: default]
[2021-05-07 14:02:57.161] [INFO] [Context:DevToolsPropertyDefaultsPostProcessor] [] [Devtools property defaults active! Set 'spring.devtools.add-properties' to 'false' to disable]
[2021-05-07 14:02:57.161] [INFO] [Context:DevToolsPropertyDefaultsPostProcessor] [] [For additional web related logging consider setting the 'logging.level.web' property to 'DEBUG']
[2021-05-07 14:02:59.317] [INFO] [Context:TomcatWebServer] [] [Tomcat initialized with port(s): 8080 (http)]
[2021-05-07 14:02:59.443] [INFO] [Context:ServletWebServerApplicationContext] [] [Root WebApplicationContext: initialization completed in 2282 ms]
[2021-05-07 14:02:59.567] [INFO] [Context:ApplicationPropertyReader] [] [spcCustomerUrl = https://spectrumcoreuat.charter.com/spectrum-core/services/customer/ept/getCustomerV1x0]
[2021-05-07 14:02:59.567] [INFO] [Context:ApplicationPropertyReader] [] [spcAccountUrl = https://spectrumcoreuat.charter.com/spectrum-core/services/account/ept/getAccountV1x1]
[2021-05-07 14:02:59.671] [INFO] [Context:ThreadPoolTaskExecutor] [] [Initializing ExecutorService]
[2021-05-07 14:02:59.673] [INFO] [Context:ThreadPoolTaskExecutor] [] [Initializing ExecutorService 'asyncExecutor']
[2021-05-07 14:03:00.250] [INFO] [Context:OptionalLiveReloadServer] [] [LiveReload server is running on port 35729]
[2021-05-07 14:03:00.302] [INFO] [Context:TomcatWebServer] [] [Tomcat started on port(s): 8080 (http) with context path '']
[2021-05-07 14:03:00.321] [INFO] [Context:SpectrumCoreApplication] [] [Started SpectrumCoreApplication in 4.198 seconds (JVM running for 5.373)]
[2021-05-07 14:05:44.467] [WARN] [Context:DefaultHandlerExceptionResolver] [] [Resolved [org.springframework.web.HttpRequestMethodNotSupportedException: Request method 'GET' not supported]]
[2021-05-07 14:05:53.908] [WARN] [Context:DefaultHandlerExceptionResolver] [] [Resolved [org.springframework.http.converter.HttpMessageNotReadableException: JSON parse error: Unexpected character ('{' (code 123)): was expecting double-quote to start field name; nested exception is com.fasterxml.jackson.core.JsonParseException: Unexpected character ('{' (code 123)): was expecting double-quote to start field name
 at [Source: (PushbackInputStream); line: 2, column: 2]]]
[2021-05-07 14:10:29.789] [INFO] [Context:SpectrumCoreApplication] [] [Starting SpectrumCoreApplication on COGRNETAL0947QP with PID 14776 (C:\Users\P2932832\BPradhan\customer-account-sprectrum-core\target\classes started by P2932832 in C:\Users\P2932832\BPradhan\customer-account-sprectrum-core)]
[2021-05-07 14:10:29.792] [INFO] [Context:SpectrumCoreApplication] [] [No active profile set, falling back to default profiles: default]
[2021-05-07 14:10:29.897] [INFO] [Context:DevToolsPropertyDefaultsPostProcessor] [] [Devtools property defaults active! Set 'spring.devtools.add-properties' to 'false' to disable]
[2021-05-07 14:10:29.897] [INFO] [Context:DevToolsPropertyDefaultsPostProcessor] [] [For additional web related logging consider setting the 'logging.level.web' property to 'DEBUG']
[2021-05-07 14:10:32.309] [INFO] [Context:TomcatWebServer] [] [Tomcat initialized with port(s): 8080 (http)]
[2021-05-07 14:10:32.472] [INFO] [Context:ServletWebServerApplicationContext] [] [Root WebApplicationContext: initialization completed in 2575 ms]
[2021-05-07 14:10:32.587] [INFO] [Context:ApplicationPropertyReader] [] [spcCustomerUrl = https://spectrumcoreuat.charter.com/spectrum-core/services/customer/ept/getCustomerV1x0]
[2021-05-07 14:10:32.587] [INFO] [Context:ApplicationPropertyReader] [] [spcAccountUrl = https://spectrumcoreuat.charter.com/spectrum-core/services/account/ept/getAccountV1x1]
[2021-05-07 14:10:32.723] [INFO] [Context:ThreadPoolTaskExecutor] [] [Initializing ExecutorService]
[2021-05-07 14:10:32.725] [INFO] [Context:ThreadPoolTaskExecutor] [] [Initializing ExecutorService 'asyncExecutor']
[2021-05-07 14:10:33.352] [INFO] [Context:OptionalLiveReloadServer] [] [LiveReload server is running on port 35729]
[2021-05-07 14:10:33.422] [INFO] [Context:TomcatWebServer] [] [Tomcat started on port(s): 8080 (http) with context path '']
[2021-05-07 14:10:33.440] [INFO] [Context:SpectrumCoreApplication] [] [Started SpectrumCoreApplication in 4.594 seconds (JVM running for 5.701)]
[2021-05-07 14:11:07.829] [INFO] [Context:AsyncController] [] [At GetCustomerAccount...]
[2021-05-07 14:11:07.871] [ERROR] [Context:[dispatcherServlet]] [] [Servlet.service() for servlet [dispatcherServlet] in context with path [] threw exception [Request processing failed; nested exception is java.lang.NullPointerException] with root cause]
java.lang.NullPointerException: null
	at com.spectrum.sci.customeraccountspectrumcore.controllers.AsyncController.getCustomerAccount(AsyncController.java:36)
	at sun.reflect.NativeMethodAccessorImpl.invoke0(Native Method)
	at sun.reflect.NativeMethodAccessorImpl.invoke(NativeMethodAccessorImpl.java:62)
	at sun.reflect.DelegatingMethodAccessorImpl.invoke(DelegatingMethodAccessorImpl.java:43)
	at java.lang.reflect.Method.invoke(Method.java:498)
	at org.springframework.web.method.support.InvocableHandlerMethod.doInvoke(InvocableHandlerMethod.java:190)
	at org.springframework.web.method.support.InvocableHandlerMethod.invokeForRequest(InvocableHandlerMethod.java:138)
	at org.springframework.web.servlet.mvc.method.annotation.ServletInvocableHandlerMethod.invokeAndHandle(ServletInvocableHandlerMethod.java:105)
	at org.springframework.web.servlet.mvc.method.annotation.RequestMappingHandlerAdapter.invokeHandlerMethod(RequestMappingHandlerAdapter.java:878)
	at org.springframework.web.servlet.mvc.method.annotation.RequestMappingHandlerAdapter.handleInternal(RequestMappingHandlerAdapter.java:792)
	at org.springframework.web.servlet.mvc.method.AbstractHandlerMethodAdapter.handle(AbstractHandlerMethodAdapter.java:87)
	at org.springframework.web.servlet.DispatcherServlet.doDispatch(DispatcherServlet.java:1040)
	at org.springframework.web.servlet.DispatcherServlet.doService(DispatcherServlet.java:943)
	at org.springframework.web.servlet.FrameworkServlet.processRequest(FrameworkServlet.java:1006)
	at org.springframework.web.servlet.FrameworkServlet.doPost(FrameworkServlet.java:909)
	at javax.servlet.http.HttpServlet.service(HttpServlet.java:652)
	at org.springframework.web.servlet.FrameworkServlet.service(FrameworkServlet.java:883)
	at javax.servlet.http.HttpServlet.service(HttpServlet.java:733)
	at org.apache.catalina.core.ApplicationFilterChain.internalDoFilter(ApplicationFilterChain.java:231)
	at org.apache.catalina.core.ApplicationFilterChain.doFilter(ApplicationFilterChain.java:166)
	at org.apache.tomcat.websocket.server.WsFilter.doFilter(WsFilter.java:53)
	at org.apache.catalina.core.ApplicationFilterChain.internalDoFilter(ApplicationFilterChain.java:193)
	at org.apache.catalina.core.ApplicationFilterChain.doFilter(ApplicationFilterChain.java:166)
	at org.springframework.web.filter.RequestContextFilter.doFilterInternal(RequestContextFilter.java:100)
	at org.springframework.web.filter.OncePerRequestFilter.doFilter(OncePerRequestFilter.java:119)
	at org.apache.catalina.core.ApplicationFilterChain.internalDoFilter(ApplicationFilterChain.java:193)
	at org.apache.catalina.core.ApplicationFilterChain.doFilter(ApplicationFilterChain.java:166)
	at org.springframework.web.filter.FormContentFilter.doFilterInternal(FormContentFilter.java:93)
	at org.springframework.web.filter.OncePerRequestFilter.doFilter(OncePerRequestFilter.java:119)
	at org.apache.catalina.core.ApplicationFilterChain.internalDoFilter(ApplicationFilterChain.java:193)
	at org.apache.catalina.core.ApplicationFilterChain.doFilter(ApplicationFilterChain.java:166)
	at org.springframework.web.filter.CharacterEncodingFilter.doFilterInternal(CharacterEncodingFilter.java:201)
	at org.springframework.web.filter.OncePerRequestFilter.doFilter(OncePerRequestFilter.java:119)
	at org.apache.catalina.core.ApplicationFilterChain.internalDoFilter(ApplicationFilterChain.java:193)
	at org.apache.catalina.core.ApplicationFilterChain.doFilter(ApplicationFilterChain.java:166)
	at org.apache.catalina.core.StandardWrapperValve.invoke(StandardWrapperValve.java:202)
	at org.apache.catalina.core.StandardContextValve.invoke(StandardContextValve.java:97)
	at org.apache.catalina.authenticator.AuthenticatorBase.invoke(AuthenticatorBase.java:541)
	at org.apache.catalina.core.StandardHostValve.invoke(StandardHostValve.java:143)
	at org.apache.catalina.valves.ErrorReportValve.invoke(ErrorReportValve.java:92)
	at org.apache.catalina.core.StandardEngineValve.invoke(StandardEngineValve.java:78)
	at org.apache.catalina.connector.CoyoteAdapter.service(CoyoteAdapter.java:343)
	at org.apache.coyote.http11.Http11Processor.service(Http11Processor.java:374)
	at org.apache.coyote.AbstractProcessorLight.process(AbstractProcessorLight.java:65)
	at org.apache.coyote.AbstractProtocol$ConnectionHandler.process(AbstractProtocol.java:868)
	at org.apache.tomcat.util.net.NioEndpoint$SocketProcessor.doRun(NioEndpoint.java:1590)
	at org.apache.tomcat.util.net.SocketProcessorBase.run(SocketProcessorBase.java:49)
	at java.util.concurrent.ThreadPoolExecutor.runWorker(ThreadPoolExecutor.java:1149)
	at java.util.concurrent.ThreadPoolExecutor$Worker.run(ThreadPoolExecutor.java:624)
	at org.apache.tomcat.util.threads.TaskThread$WrappingRunnable.run(TaskThread.java:61)
	at java.lang.Thread.run(Thread.java:748)
[2021-05-07 14:16:25.251] [INFO] [Context:SpectrumCoreApplication] [] [Starting SpectrumCoreApplication on COGRNETAL0947QP with PID 16920 (C:\Users\P2932832\BPradhan\customer-account-sprectrum-core\target\classes started by P2932832 in C:\Users\P2932832\BPradhan\customer-account-sprectrum-core)]
[2021-05-07 14:16:25.254] [INFO] [Context:SpectrumCoreApplication] [] [No active profile set, falling back to default profiles: default]
[2021-05-07 14:16:25.333] [INFO] [Context:DevToolsPropertyDefaultsPostProcessor] [] [Devtools property defaults active! Set 'spring.devtools.add-properties' to 'false' to disable]
[2021-05-07 14:16:25.334] [INFO] [Context:DevToolsPropertyDefaultsPostProcessor] [] [For additional web related logging consider setting the 'logging.level.web' property to 'DEBUG']
[2021-05-07 14:16:28.245] [INFO] [Context:TomcatWebServer] [] [Tomcat initialized with port(s): 8080 (http)]
[2021-05-07 14:16:28.420] [INFO] [Context:ServletWebServerApplicationContext] [] [Root WebApplicationContext: initialization completed in 3086 ms]
[2021-05-07 14:16:28.541] [INFO] [Context:ApplicationPropertyReader] [] [spcCustomerUrl = https://spectrumcoreuat.charter.com/spectrum-core/services/customer/ept/getCustomerV1x0]
[2021-05-07 14:16:28.542] [INFO] [Context:ApplicationPropertyReader] [] [spcAccountUrl = https://spectrumcoreuat.charter.com/spectrum-core/services/account/ept/getAccountV1x1]
[2021-05-07 14:16:28.661] [INFO] [Context:ThreadPoolTaskExecutor] [] [Initializing ExecutorService]
[2021-05-07 14:16:28.663] [INFO] [Context:ThreadPoolTaskExecutor] [] [Initializing ExecutorService 'asyncExecutor']
[2021-05-07 14:16:29.232] [INFO] [Context:OptionalLiveReloadServer] [] [LiveReload server is running on port 35729]
[2021-05-07 14:16:29.291] [INFO] [Context:TomcatWebServer] [] [Tomcat started on port(s): 8080 (http) with context path '']
[2021-05-07 14:16:29.308] [INFO] [Context:SpectrumCoreApplication] [] [Started SpectrumCoreApplication in 4.795 seconds (JVM running for 5.745)]
[2021-05-07 14:17:02.144] [INFO] [Context:AsyncController] [] [At GetCustomerAccount...]
[2021-05-07 14:20:51.043] [INFO] [Context:SpectrumCoreApplication] [] [Starting SpectrumCoreApplication on COGRNETAL0947QP with PID 13044 (C:\Users\P2932832\BPradhan\customer-account-sprectrum-core\target\classes started by P2932832 in C:\Users\P2932832\BPradhan\customer-account-sprectrum-core)]
[2021-05-07 14:20:51.052] [INFO] [Context:SpectrumCoreApplication] [] [No active profile set, falling back to default profiles: default]
[2021-05-07 14:20:51.279] [INFO] [Context:DevToolsPropertyDefaultsPostProcessor] [] [Devtools property defaults active! Set 'spring.devtools.add-properties' to 'false' to disable]
[2021-05-07 14:20:51.280] [INFO] [Context:DevToolsPropertyDefaultsPostProcessor] [] [For additional web related logging consider setting the 'logging.level.web' property to 'DEBUG']
[2021-05-07 14:20:55.853] [INFO] [Context:TomcatWebServer] [] [Tomcat initialized with port(s): 8080 (http)]
[2021-05-07 14:20:56.053] [INFO] [Context:ServletWebServerApplicationContext] [] [Root WebApplicationContext: initialization completed in 4771 ms]
[2021-05-07 14:20:56.211] [INFO] [Context:ApplicationPropertyReader] [] [spcCustomerUrl = https://spectrumcoreuat.charter.com/spectrum-core/services/customer/ept/getCustomerV1x0]
[2021-05-07 14:20:56.212] [INFO] [Context:ApplicationPropertyReader] [] [spcAccountUrl = https://spectrumcoreuat.charter.com/spectrum-core/services/account/ept/getAccountV1x1]
[2021-05-07 14:20:56.381] [INFO] [Context:ThreadPoolTaskExecutor] [] [Initializing ExecutorService]
[2021-05-07 14:20:56.383] [INFO] [Context:ThreadPoolTaskExecutor] [] [Initializing ExecutorService 'asyncExecutor']
[2021-05-07 14:20:57.312] [INFO] [Context:OptionalLiveReloadServer] [] [LiveReload server is running on port 35729]
[2021-05-07 14:20:57.397] [INFO] [Context:TomcatWebServer] [] [Tomcat started on port(s): 8080 (http) with context path '']
[2021-05-07 14:20:57.426] [INFO] [Context:SpectrumCoreApplication] [] [Started SpectrumCoreApplication in 8.651 seconds (JVM running for 10.44)]
[2021-05-07 14:21:18.041] [INFO] [Context:AsyncController] [] [At GetCustomerAccount...]
[2021-05-07 14:21:22.213] [INFO] [Context:AsyncController] [] [customer response = CustomerResponse(getCustomerResponse=GetCustomerResponse(customer=null, uCAN=null, sourceSystemTimeZone=null))]
[2021-05-07 14:21:22.215] [INFO] [Context:AsyncController] [] [Account response = AccountResponse(getAccountResponse=GetAccountResponse(account=null, uCAN=null, sourceSystemTimeZone=null))]
[2021-05-07 14:24:18.095] [INFO] [Context:SpectrumCoreApplication] [] [Starting SpectrumCoreApplication on COGRNETAL0947QP with PID 9752 (C:\Users\P2932832\BPradhan\customer-account-sprectrum-core\target\classes started by P2932832 in C:\Users\P2932832\BPradhan\customer-account-sprectrum-core)]
[2021-05-07 14:24:18.099] [INFO] [Context:SpectrumCoreApplication] [] [No active profile set, falling back to default profiles: default]
[2021-05-07 14:24:18.250] [INFO] [Context:DevToolsPropertyDefaultsPostProcessor] [] [Devtools property defaults active! Set 'spring.devtools.add-properties' to 'false' to disable]
[2021-05-07 14:24:18.250] [INFO] [Context:DevToolsPropertyDefaultsPostProcessor] [] [For additional web related logging consider setting the 'logging.level.web' property to 'DEBUG']
[2021-05-07 14:24:21.667] [INFO] [Context:TomcatWebServer] [] [Tomcat initialized with port(s): 8080 (http)]
[2021-05-07 14:24:21.832] [INFO] [Context:ServletWebServerApplicationContext] [] [Root WebApplicationContext: initialization completed in 3582 ms]
[2021-05-07 14:24:21.979] [INFO] [Context:ApplicationPropertyReader] [] [spcCustomerUrl = https://spectrumcoreuat.charter.com/spectrum-core/services/customer/ept/getCustomerV1x0]
[2021-05-07 14:24:21.979] [INFO] [Context:ApplicationPropertyReader] [] [spcAccountUrl = https://spectrumcoreuat.charter.com/spectrum-core/services/account/ept/getAccountV1x1]
[2021-05-07 14:24:22.146] [INFO] [Context:ThreadPoolTaskExecutor] [] [Initializing ExecutorService]
[2021-05-07 14:24:22.149] [INFO] [Context:ThreadPoolTaskExecutor] [] [Initializing ExecutorService 'asyncExecutor']
[2021-05-07 14:24:22.944] [INFO] [Context:OptionalLiveReloadServer] [] [LiveReload server is running on port 35729]
[2021-05-07 14:24:23.025] [INFO] [Context:TomcatWebServer] [] [Tomcat started on port(s): 8080 (http) with context path '']
[2021-05-07 14:24:23.051] [INFO] [Context:SpectrumCoreApplication] [] [Started SpectrumCoreApplication in 6.114 seconds (JVM running for 7.447)]
[2021-05-07 14:24:29.867] [INFO] [Context:AsyncController] [] [At GetCustomerAccount...]
[2021-05-07 14:24:29.923] [INFO] [Context:AsyncService] [] [At GetCustomer ...]
[2021-05-07 14:24:29.926] [INFO] [Context:AsyncService] [] [At GetAccount...]
[2021-05-07 14:24:33.461] [INFO] [Context:AsyncController] [] [customer response = CustomerResponse(getCustomerResponse=GetCustomerResponse(customer=null, uCAN=null, sourceSystemTimeZone=null))]
[2021-05-07 14:24:33.463] [INFO] [Context:AsyncController] [] [Account response = AccountResponse(getAccountResponse=GetAccountResponse(account=null, uCAN=null, sourceSystemTimeZone=null))]
[2021-05-07 14:31:25.473] [INFO] [Context:AsyncController] [] [At GetCustomerAccount...]
[2021-05-07 14:31:25.473] [INFO] [Context:AsyncService] [] [At GetCustomer ...]
[2021-05-07 14:31:25.474] [INFO] [Context:AsyncService] [] [At GetAccount...]
[2021-05-07 14:31:27.212] [INFO] [Context:AsyncController] [] [customer response = CustomerResponse(getCustomerResponse=GetCustomerResponse(customer=Customer(divisionID=LXM.8448, accountNumber=8448200015673618, billingStationLevel0Code=null, billingStationLevel1Code=8448, billingStationLevel2Code=2000, sourceFTACode=0010, customerNumber=1101513163209, customerType=ReferenceDataType(billerCode=RES, enterpriseCode=RESIDENTIAL, description=Residential, longDescription=null), customerStatus=ReferenceDataType(billerCode=_, enterpriseCode=ACTIVE, description=ACTIVE, longDescription=null), customerCategory=null, locationNumber=91316211205059, name=Name(title=null, salutation=ReferenceDataType(billerCode=A, enterpriseCode=ATTN, description=Attention, longDescription=Attention), companyName=null, full=null, last=ISTINA, middle=H, first=ESSIOR), phone=null, responsibleParty=null, address=[Address(statementCode=1, line1=101 SCALEYBARK RD, line2=null, city=CHARLOTTE, state=NC, postalCode=282092608)], identification=Identification(taxIdentifier=*****6789, taxType=E, birthdate=1993-09-23, driversLicenseNumber=032038389393, driversLicenseState=NC), email=[Email(address=UPDATEEMAIL@GMAIL.COM, status=E)], privacyFlag=N, securityCode=1789, authorizedUsers=[JAMES TAYLOR, NEIL OMANS, TIMOTHY JACKSON, JOHN SMITH], creditClass=N, customerComments=[Comment(commentIndex=1, commentText=JAMES TAYLOR), Comment(commentIndex=2, commentText=NEIL OMANS), Comment(commentIndex=3, commentText=TIMOTHY JACKSON), Comment(commentIndex=4, commentText=JOHN SMITH)], audit=Audit(creation=AuditInfo(date=2014-08-13, operator=null, terminal=null, time=null, transaction=null), lastUpdate=AuditInfo(date=2021-04-30, operator=SPE, terminal=L1DZ, time=04:08:34, transaction=null)), accountCount=1, dmcaViolationDate=null, brmAccountNumber=null, lastModifiedSecCodeDate=2020-11-02T09:53:18, lastModifiedSecCodeBy=NA- L1DZ), uCAN=null, sourceSystemTimeZone=-06:00))]
[2021-05-07 14:31:27.213] [INFO] [Context:AsyncController] [] [Account response = AccountResponse(getAccountResponse=GetAccountResponse(account=Account(divisionID=LXM.8448, accountNumber=8448200015673618, customerNumber=1101513163209, locationNumber=91316211205059, billingStationLevel0Code=null, billingStationLevel1Code=8448, billingStationLevel2Code=2000, sourceFTACode=0010, accountType=ReferenceDataType(billerCode=RES, enterpriseCode=RESIDENTIAL, description=Residential, longDescription=null), accountStatus=Active, billerAccountStatus=_, connectDate=2015-02-02, disconnectDate=null, classification=MDUNONBULK, name=Name(salutation=ReferenceDataType(billerCode=A, enterpriseCode=ATTN, description=Attention, longDescription=Attention), last=ISTINA, middle=H, first=ESSIOR, companyName=null, titleOfLineage=null), serviceAddress=Address(line1=5211 ZELZAH AVE APT 323, line2=ISTQ MA, city=ENCINO, state=CA, postalCode=913162104), phone=[Phone(number=3242342342, type=Home), Phone(number=1245319082, type=Business)], lineOfBusinessDetail=[LineOfBusiness(status=ReferenceDataType(billerCode=A, enterpriseCode=LOBCONNECTED, description=LOB Connected, longDescription=LOB Connected), type=ReferenceDataType(billerCode=C, enterpriseCode=VIDEO, description=Video, longDescription=Video)), LineOfBusiness(status=ReferenceDataType(billerCode=N, enterpriseCode=LOBNEVERCONNECT, description=LOB Never Connected, longDescription=LOB Never Connected), type=ReferenceDataType(billerCode=I, enterpriseCode=HSD, description=HSD, longDescription=HSD)), LineOfBusiness(status=ReferenceDataType(billerCode=N, enterpriseCode=LOBNEVERCONNECT, description=LOB Never Connected, longDescription=LOB Never Connected), type=ReferenceDataType(billerCode=T, enterpriseCode=TELEPHONY, description=Telephony, longDescription=Telephony)), LineOfBusiness(status=ReferenceDataType(billerCode=N, enterpriseCode=LOBNEVERCONNECT, description=LOB Never Connected, longDescription=LOB Never Connected), type=ReferenceDataType(billerCode=Y, enterpriseCode=WIRELESS, description=Wireless, longDescription=Wireless)), LineOfBusiness(status=ReferenceDataType(billerCode=N, enterpriseCode=LOBNEVERCONNECT, description=LOB Never Connected, longDescription=LOB Never Connected), type=ReferenceDataType(billerCode=Z, enterpriseCode=SECURITY, description=Security, longDescription=Security))], experianPin=123, accountDetail=AccountDetail(totalCurrentBalance=-4.580885729E7, totalPendingAmount=0.0, totalLastPayment=1.11, totalAmountDue=0.0, ppvAccountBalance=0.0, ppvCreditLimit=0.0, ppvPending=0.0, ppvRemainingCreditLimit=0.0, ppvDiscount=null, language=ReferenceDataType(billerCode=_, enterpriseCode=en-US, description=English, longDescription=English), lockboxPending=0.0, suspensionBeginDate=null, suspensionEndDate=null, auditCreationDate=2014-08-13, locationType=ReferenceDataType(billerCode=R3, enterpriseCode=RSMDUL5TO50, description=Dwelling Containing Five To Fifty Apartment Units (Not Complex), longDescription=Dwelling Containing Five To Fifty Apartment Units (Not Complex)), bulkFlag=N, vipCode=ReferenceDataType(billerCode=E, enterpriseCode=EMPLOYEE, description=Customer is a non-media center Charter employee, longDescription=Customer is a non-media center Charter employee), responsibleParty=ResponsibleParty(name=JOHN, salutation=ReferenceDataType(billerCode=M, enterpriseCode=MR, description=Mr, longDescription=Mr), statementNameFormat=1), identification=Identification(taxType=E, taxIdentifier=*****6789, pin=78945), transfer=null, billingDetails=[BillingDetail(currentStatementId=844820001567361820210502, statementCode=1, cycleDay=2, fromDate=2021-05-02, thruDate=2021-06-01, amountDue=0.0, frequency=ReferenceDataType(billerCode=01, enterpriseCode=MONTHLY, description=Monthly Billing, longDescription=Monthly Billing), taxGroup=99, dunningGroup=132, futureDatedFlag=N, ebppFlag=Y, paperlessFlag=N, debitDate=null, currentBalance=-4.580885729E7, lastPaymentDate=2021-05-06, lastPaymentAmount=1.11, paymentDueDate=2021-05-19, pendingPayment=0.0, cycle0Amount=-4.580885729E7, cycle1Amount=0.0, cycle2Amount=0.0, cycle3Amount=0.0, delinquencyAmount=0.0, delinquencyStatus=null, daysDelinquent=0, promiseToPayDate=null, billToName=Name(salutation=ReferenceDataType(billerCode=M, enterpriseCode=MR, description=Mr, longDescription=Mr), last=SMITH, middle=A, first=JOHN, companyName=null, titleOfLineage=null), billToAddress=Address(line1=7911 CRESCENT EXECUTIVE DRIVE, line2=null, city=CHARLOTTE, state=NC, postalCode=282175502), billToPhone=null, billingInCareOf=ABRHAM LINCON, statementHold=ReferenceDataType(billerCode=N, enterpriseCode=DONOTHOLD, description=Do Not Hold; Mail to the Customer Address, longDescription=Do Not Hold; Mail to the Customer Address), monetaryStatus=ReferenceDataType(billerCode=N, enterpriseCode=CREDBAL, description=Credit balance, longDescription=Credit balance), autoPayment=AutoPaymentDetail(type=ReferenceDataType(billerCode=_, enterpriseCode=STANDARD, description=Standard Billing, longDescription=Standard Billing), status=ReferenceDataType(billerCode=_, enterpriseCode=ACTIVENORM, description=Active Normal, longDescription=Active Normal), restriction=[Restriction(type=ReferenceDataType(billerCode=EFT, enterpriseCode=EFT, description=Electronic funds transfer, longDescription=Electronic funds transfer), indicator=P)], card=null, eft=null), promiseAmount=0.0, promiseActivityCode=null, statementNameFormat=2, billingCurrentBalance=-4.580885729E7, statementBalance=-4.580885618E7, billToAddressChangeDate=2020-01-09, electronicFlag=Y, adjustedDelinquencyAmount=0.0, unbilledAmount=0.0)], equipmentDisableStatus=null, equipmentDisableDate=null), accountHierarchyDetail=null, nationalIdentifier=null, accountCategory=Employee, accountSegment=Residential), uCAN=null, sourceSystemTimeZone=-06:00))]
[2021-05-07 15:01:18.830] [INFO] [Context:ThreadPoolTaskExecutor] [] [Shutting down ExecutorService 'asyncExecutor']
[2021-05-07 15:01:31.284] [INFO] [Context:SpectrumCoreApplication] [] [Starting SpectrumCoreApplication on COGRNETAL0947QP with PID 9752 (C:\Users\P2932832\BPradhan\customer-account-sprectrum-core\target\classes started by P2932832 in C:\Users\P2932832\BPradhan\customer-account-sprectrum-core)]
[2021-05-07 15:01:31.285] [INFO] [Context:SpectrumCoreApplication] [] [No active profile set, falling back to default profiles: default]
[2021-05-07 15:01:32.144] [WARN] [Context:AnnotationConfigServletWebServerApplicationContext] [] [Exception encountered during context initialization - cancelling refresh attempt: org.springframework.beans.factory.support.BeanDefinitionOverrideException: Invalid bean definition with name 'restTemplate' defined in com.spectrum.sci.customeraccountspectrumcore.SpectrumCoreApplication: Cannot register bean definition [Root bean: class [null]; scope=; abstract=false; lazyInit=null; autowireMode=3; dependencyCheck=0; autowireCandidate=true; primary=false; factoryBeanName=spectrumCoreApplication; factoryMethodName=restTemplate; initMethodName=null; destroyMethodName=(inferred); defined in com.spectrum.sci.customeraccountspectrumcore.SpectrumCoreApplication] for bean 'restTemplate': There is already [Root bean: class [null]; scope=; abstract=false; lazyInit=null; autowireMode=3; dependencyCheck=0; autowireCandidate=true; primary=false; factoryBeanName=customerAccountSpectrumCoreApplication; factoryMethodName=restTemplate; initMethodName=null; destroyMethodName=(inferred); defined in class path resource [com/spectrum/sci/customeraccountspectrumcore/CustomerAccountSpectrumCoreApplication.class]] bound.]
[2021-05-07 15:01:32.154] [INFO] [Context:ConditionEvaluationReportLoggingListener] [] [

Error starting ApplicationContext. To display the conditions report re-run your application with 'debug' enabled.]
[2021-05-07 15:01:32.157] [ERROR] [Context:LoggingFailureAnalysisReporter] [] [

***************************
APPLICATION FAILED TO START
***************************

Description:

The bean 'restTemplate', defined in com.spectrum.sci.customeraccountspectrumcore.SpectrumCoreApplication, could not be registered. A bean with that name has already been defined in class path resource [com/spectrum/sci/customeraccountspectrumcore/CustomerAccountSpectrumCoreApplication.class] and overriding is disabled.

Action:

Consider renaming one of the beans or enabling overriding by setting spring.main.allow-bean-definition-overriding=true
]
[2021-05-07 15:03:04.380] [INFO] [Context:SpectrumCoreApplication] [] [Starting SpectrumCoreApplication on COGRNETAL0947QP with PID 9752 (C:\Users\P2932832\BPradhan\customer-account-sprectrum-core\target\classes started by P2932832 in C:\Users\P2932832\BPradhan\customer-account-sprectrum-core)]
[2021-05-07 15:03:04.381] [INFO] [Context:SpectrumCoreApplication] [] [No active profile set, falling back to default profiles: default]
[2021-05-07 15:03:04.756] [WARN] [Context:AnnotationConfigServletWebServerApplicationContext] [] [Exception encountered during context initialization - cancelling refresh attempt: org.springframework.beans.factory.support.BeanDefinitionOverrideException: Invalid bean definition with name 'restTemplate' defined in com.spectrum.sci.customeraccountspectrumcore.SpectrumCoreApplication: Cannot register bean definition [Root bean: class [null]; scope=; abstract=false; lazyInit=null; autowireMode=3; dependencyCheck=0; autowireCandidate=true; primary=false; factoryBeanName=spectrumCoreApplication; factoryMethodName=restTemplate; initMethodName=null; destroyMethodName=(inferred); defined in com.spectrum.sci.customeraccountspectrumcore.SpectrumCoreApplication] for bean 'restTemplate': There is already [Root bean: class [null]; scope=; abstract=false; lazyInit=null; autowireMode=3; dependencyCheck=0; autowireCandidate=true; primary=false; factoryBeanName=customerAccountSpectrumCoreApplication; factoryMethodName=restTemplate; initMethodName=null; destroyMethodName=(inferred); defined in class path resource [com/spectrum/sci/customeraccountspectrumcore/CustomerAccountSpectrumCoreApplication.class]] bound.]
[2021-05-07 15:03:04.759] [INFO] [Context:ConditionEvaluationReportLoggingListener] [] [

Error starting ApplicationContext. To display the conditions report re-run your application with 'debug' enabled.]
[2021-05-07 15:03:04.759] [ERROR] [Context:LoggingFailureAnalysisReporter] [] [

***************************
APPLICATION FAILED TO START
***************************

Description:

The bean 'restTemplate', defined in com.spectrum.sci.customeraccountspectrumcore.SpectrumCoreApplication, could not be registered. A bean with that name has already been defined in class path resource [com/spectrum/sci/customeraccountspectrumcore/CustomerAccountSpectrumCoreApplication.class] and overriding is disabled.

Action:

Consider renaming one of the beans or enabling overriding by setting spring.main.allow-bean-definition-overriding=true
]
[2021-05-07 15:26:03.729] [INFO] [Context:CustomerAccountSpectrumCoreApplication] [] [Starting CustomerAccountSpectrumCoreApplication on COGRNETAL0947QP with PID 14940 (C:\Users\P2932832\BPradhan\customer-account-sprectrum-core\target\classes started by P2932832 in C:\Users\P2932832\BPradhan\customer-account-sprectrum-core)]
[2021-05-07 15:26:03.732] [INFO] [Context:CustomerAccountSpectrumCoreApplication] [] [No active profile set, falling back to default profiles: default]
[2021-05-07 15:26:03.827] [INFO] [Context:DevToolsPropertyDefaultsPostProcessor] [] [Devtools property defaults active! Set 'spring.devtools.add-properties' to 'false' to disable]
[2021-05-07 15:26:03.828] [INFO] [Context:DevToolsPropertyDefaultsPostProcessor] [] [For additional web related logging consider setting the 'logging.level.web' property to 'DEBUG']
[2021-05-07 15:26:06.042] [INFO] [Context:TomcatWebServer] [] [Tomcat initialized with port(s): 8080 (http)]
[2021-05-07 15:26:06.166] [INFO] [Context:ServletWebServerApplicationContext] [] [Root WebApplicationContext: initialization completed in 2338 ms]
[2021-05-07 15:26:06.251] [INFO] [Context:ApplicationPropertyReader] [] [spcCustomerUrl = https://spectrumcoreuat.charter.com/spectrum-core/services/customer/ept/getCustomerV1x0]
[2021-05-07 15:26:06.251] [INFO] [Context:ApplicationPropertyReader] [] [spcAccountUrl = https://spectrumcoreuat.charter.com/spectrum-core/services/account/ept/getAccountV1x1]
[2021-05-07 15:26:06.338] [INFO] [Context:ThreadPoolTaskExecutor] [] [Initializing ExecutorService]
[2021-05-07 15:26:06.340] [INFO] [Context:ThreadPoolTaskExecutor] [] [Initializing ExecutorService 'asyncExecutor']
[2021-05-07 15:26:06.839] [INFO] [Context:OptionalLiveReloadServer] [] [LiveReload server is running on port 35729]
[2021-05-07 15:26:06.892] [INFO] [Context:TomcatWebServer] [] [Tomcat started on port(s): 8080 (http) with context path '']
[2021-05-07 15:26:06.912] [INFO] [Context:CustomerAccountSpectrumCoreApplication] [] [Started CustomerAccountSpectrumCoreApplication in 4.215 seconds (JVM running for 5.312)]
[2021-05-07 15:26:42.049] [INFO] [Context:AsyncController] [] [At GetCustomerAccount...]
[2021-05-07 15:26:42.080] [INFO] [Context:AsyncService] [] [At GetCustomer ...]
[2021-05-07 15:26:42.096] [INFO] [Context:AsyncService] [] [At GetAccount...]
[2021-05-07 15:26:45.391] [INFO] [Context:AsyncController] [] [customer response = CustomerResponse(getCustomerResponse=GetCustomerResponse(customer=Customer(divisionID=LXM.8448, accountNumber=8448200015673618, billingStationLevel0Code=null, billingStationLevel1Code=8448, billingStationLevel2Code=2000, sourceFTACode=0010, customerNumber=1101513163209, customerType=ReferenceDataType(billerCode=RES, enterpriseCode=RESIDENTIAL, description=Residential, longDescription=null), customerStatus=ReferenceDataType(billerCode=_, enterpriseCode=ACTIVE, description=ACTIVE, longDescription=null), customerCategory=null, locationNumber=91316211205059, name=Name(title=null, salutation=ReferenceDataType(billerCode=A, enterpriseCode=ATTN, description=Attention, longDescription=Attention), companyName=null, full=null, last=ISTINA, middle=H, first=ESSIOR), phone=null, responsibleParty=null, address=[Address(statementCode=1, line1=101 SCALEYBARK RD, line2=null, city=CHARLOTTE, state=NC, postalCode=282092608)], identification=Identification(taxIdentifier=*****6789, taxType=E, birthdate=1993-09-23, driversLicenseNumber=032038389393, driversLicenseState=NC), email=[Email(address=UPDATEEMAIL@GMAIL.COM, status=E)], privacyFlag=N, securityCode=1789, authorizedUsers=[JAMES TAYLOR, NEIL OMANS, TIMOTHY JACKSON, JOHN SMITH], creditClass=N, customerComments=[Comment(commentIndex=1, commentText=JAMES TAYLOR), Comment(commentIndex=2, commentText=NEIL OMANS), Comment(commentIndex=3, commentText=TIMOTHY JACKSON), Comment(commentIndex=4, commentText=JOHN SMITH)], audit=Audit(creation=AuditInfo(date=2014-08-13, operator=null, terminal=null, time=null, transaction=null), lastUpdate=AuditInfo(date=2021-04-30, operator=SPE, terminal=L1DZ, time=04:08:34, transaction=null)), accountCount=1, dmcaViolationDate=null, brmAccountNumber=null, lastModifiedSecCodeDate=2020-11-02T09:53:18, lastModifiedSecCodeBy=NA- L1DZ), uCAN=null, sourceSystemTimeZone=-06:00))]
[2021-05-07 15:26:45.392] [INFO] [Context:AsyncController] [] [Account response = AccountResponse(getAccountResponse=GetAccountResponse(account=Account(divisionID=LXM.8448, accountNumber=8448200015673618, customerNumber=1101513163209, locationNumber=91316211205059, billingStationLevel0Code=null, billingStationLevel1Code=8448, billingStationLevel2Code=2000, sourceFTACode=0010, accountType=ReferenceDataType(billerCode=RES, enterpriseCode=RESIDENTIAL, description=Residential, longDescription=null), accountStatus=Active, billerAccountStatus=_, connectDate=2015-02-02, disconnectDate=null, classification=MDUNONBULK, name=Name(salutation=ReferenceDataType(billerCode=A, enterpriseCode=ATTN, description=Attention, longDescription=Attention), last=ISTINA, middle=H, first=ESSIOR, companyName=null, titleOfLineage=null), serviceAddress=Address(line1=5211 ZELZAH AVE APT 323, line2=ISTQ MA, city=ENCINO, state=CA, postalCode=913162104), phone=[Phone(number=3242342342, type=Home), Phone(number=1245319082, type=Business)], lineOfBusinessDetail=[LineOfBusiness(status=ReferenceDataType(billerCode=A, enterpriseCode=LOBCONNECTED, description=LOB Connected, longDescription=LOB Connected), type=ReferenceDataType(billerCode=C, enterpriseCode=VIDEO, description=Video, longDescription=Video)), LineOfBusiness(status=ReferenceDataType(billerCode=N, enterpriseCode=LOBNEVERCONNECT, description=LOB Never Connected, longDescription=LOB Never Connected), type=ReferenceDataType(billerCode=I, enterpriseCode=HSD, description=HSD, longDescription=HSD)), LineOfBusiness(status=ReferenceDataType(billerCode=N, enterpriseCode=LOBNEVERCONNECT, description=LOB Never Connected, longDescription=LOB Never Connected), type=ReferenceDataType(billerCode=T, enterpriseCode=TELEPHONY, description=Telephony, longDescription=Telephony)), LineOfBusiness(status=ReferenceDataType(billerCode=N, enterpriseCode=LOBNEVERCONNECT, description=LOB Never Connected, longDescription=LOB Never Connected), type=ReferenceDataType(billerCode=Y, enterpriseCode=WIRELESS, description=Wireless, longDescription=Wireless)), LineOfBusiness(status=ReferenceDataType(billerCode=N, enterpriseCode=LOBNEVERCONNECT, description=LOB Never Connected, longDescription=LOB Never Connected), type=ReferenceDataType(billerCode=Z, enterpriseCode=SECURITY, description=Security, longDescription=Security))], experianPin=123, accountDetail=AccountDetail(totalCurrentBalance=-4.580885729E7, totalPendingAmount=0.0, totalLastPayment=1.11, totalAmountDue=0.0, ppvAccountBalance=0.0, ppvCreditLimit=0.0, ppvPending=0.0, ppvRemainingCreditLimit=0.0, ppvDiscount=null, language=ReferenceDataType(billerCode=_, enterpriseCode=en-US, description=English, longDescription=English), lockboxPending=0.0, suspensionBeginDate=null, suspensionEndDate=null, auditCreationDate=2014-08-13, locationType=ReferenceDataType(billerCode=R3, enterpriseCode=RSMDUL5TO50, description=Dwelling Containing Five To Fifty Apartment Units (Not Complex), longDescription=Dwelling Containing Five To Fifty Apartment Units (Not Complex)), bulkFlag=N, vipCode=ReferenceDataType(billerCode=E, enterpriseCode=EMPLOYEE, description=Customer is a non-media center Charter employee, longDescription=Customer is a non-media center Charter employee), responsibleParty=ResponsibleParty(name=JOHN, salutation=ReferenceDataType(billerCode=M, enterpriseCode=MR, description=Mr, longDescription=Mr), statementNameFormat=1), identification=Identification(taxType=E, taxIdentifier=*****6789, pin=78945), transfer=null, billingDetails=[BillingDetail(currentStatementId=844820001567361820210502, statementCode=1, cycleDay=2, fromDate=2021-05-02, thruDate=2021-06-01, amountDue=0.0, frequency=ReferenceDataType(billerCode=01, enterpriseCode=MONTHLY, description=Monthly Billing, longDescription=Monthly Billing), taxGroup=99, dunningGroup=132, futureDatedFlag=N, ebppFlag=Y, paperlessFlag=N, debitDate=null, currentBalance=-4.580885729E7, lastPaymentDate=2021-05-06, lastPaymentAmount=1.11, paymentDueDate=2021-05-19, pendingPayment=0.0, cycle0Amount=-4.580885729E7, cycle1Amount=0.0, cycle2Amount=0.0, cycle3Amount=0.0, delinquencyAmount=0.0, delinquencyStatus=null, daysDelinquent=0, promiseToPayDate=null, billToName=Name(salutation=ReferenceDataType(billerCode=M, enterpriseCode=MR, description=Mr, longDescription=Mr), last=SMITH, middle=A, first=JOHN, companyName=null, titleOfLineage=null), billToAddress=Address(line1=7911 CRESCENT EXECUTIVE DRIVE, line2=null, city=CHARLOTTE, state=NC, postalCode=282175502), billToPhone=null, billingInCareOf=ABRHAM LINCON, statementHold=ReferenceDataType(billerCode=N, enterpriseCode=DONOTHOLD, description=Do Not Hold; Mail to the Customer Address, longDescription=Do Not Hold; Mail to the Customer Address), monetaryStatus=ReferenceDataType(billerCode=N, enterpriseCode=CREDBAL, description=Credit balance, longDescription=Credit balance), autoPayment=AutoPaymentDetail(type=ReferenceDataType(billerCode=_, enterpriseCode=STANDARD, description=Standard Billing, longDescription=Standard Billing), status=ReferenceDataType(billerCode=_, enterpriseCode=ACTIVENORM, description=Active Normal, longDescription=Active Normal), restriction=[Restriction(type=ReferenceDataType(billerCode=EFT, enterpriseCode=EFT, description=Electronic funds transfer, longDescription=Electronic funds transfer), indicator=P)], card=null, eft=null), promiseAmount=0.0, promiseActivityCode=null, statementNameFormat=2, billingCurrentBalance=-4.580885729E7, statementBalance=-4.580885618E7, billToAddressChangeDate=2020-01-09, electronicFlag=Y, adjustedDelinquencyAmount=0.0, unbilledAmount=0.0)], equipmentDisableStatus=null, equipmentDisableDate=null), accountHierarchyDetail=null, nationalIdentifier=null, accountCategory=Employee, accountSegment=Residential), uCAN=null, sourceSystemTimeZone=-06:00))]
